<?xml version="1.0" encoding="UTF-8"?>
<coverage generated="1753104333536" clover="3.2.0">
  <project timestamp="1753104333536" name="All files">
    <metrics statements="16" coveredstatements="0" conditionals="2" coveredconditionals="0" methods="1" coveredmethods="0" elements="19" coveredelements="0" complexity="0" loc="16" ncloc="16" packages="2" files="2" classes="2"/>
    <package name="models">
      <metrics statements="5" coveredstatements="0" conditionals="0" coveredconditionals="0" methods="0" coveredmethods="0"/>
      <file name="Question.js" path="C:\Users\lemai\Documents\12_Formation_CDA_M2I_12_2024_11_2025\25_Test_Appli_08_au_16_07_25\Cours\Cours7_21_07_25\Quizik - deploiement\backend\models\Question.js">
        <metrics statements="5" coveredstatements="0" conditionals="0" coveredconditionals="0" methods="0" coveredmethods="0"/>
        <line num="1" count="0" type="stmt"/>
        <line num="3" count="0" type="stmt"/>
        <line num="11" count="0" type="stmt"/>
        <line num="16" count="0" type="stmt"/>
        <line num="29" count="0" type="stmt"/>
      </file>
    </package>
    <package name="routes">
      <metrics statements="11" coveredstatements="0" conditionals="2" coveredconditionals="0" methods="1" coveredmethods="0"/>
      <file name="quizRoutes.js" path="C:\Users\lemai\Documents\12_Formation_CDA_M2I_12_2024_11_2025\25_Test_Appli_08_au_16_07_25\Cours\Cours7_21_07_25\Quizik - deploiement\backend\routes\quizRoutes.js">
        <metrics statements="11" coveredstatements="0" conditionals="2" coveredconditionals="0" methods="1" coveredmethods="0"/>
        <line num="1" count="0" type="stmt"/>
        <line num="2" count="0" type="stmt"/>
        <line num="3" count="0" type="stmt"/>
        <line num="6" count="0" type="stmt"/>
        <line num="7" count="0" type="stmt"/>
        <line num="8" count="0" type="stmt"/>
        <line num="9" count="0" type="cond" truecount="0" falsecount="2"/>
        <line num="10" count="0" type="stmt"/>
        <line num="12" count="0" type="stmt"/>
        <line num="14" count="0" type="stmt"/>
        <line num="18" count="0" type="stmt"/>
      </file>
    </package>
  </project>
</coverage>
