{"C:\\Users\\lemai\\Documents\\12_Formation_CDA_M2I_12_2024_11_2025\\25_Test_Appli_08_au_16_07_25\\Cours\\Cours7_21_07_25\\Quizik - deploiement\\backend\\models\\Question.js": {"path":"C:\\Users\\lemai\\Documents\\12_Formation_CDA_M2I_12_2024_11_2025\\25_Test_Appli_08_au_16_07_25\\Cours\\Cours7_21_07_25\\Quizik - deploiement\\backend\\models\\Question.js","statementMap":{"0":{"start":{"line":1,"column":17},"end":{"line":1,"column":36}},"1":{"start":{"line":3,"column":23},"end":{"line":9,"column":2}},"2":{"start":{"line":11,"column":23},"end":{"line":14,"column":2}},"3":{"start":{"line":16,"column":19},"end":{"line":27,"column":2}},"4":{"start":{"line":29,"column":0},"end":{"line":29,"column":52}}},"fnMap":{},"branchMap":{},"s":{"0":0,"1":0,"2":0,"3":0,"4":0},"f":{},"b":{}}
,"C:\\Users\\lemai\\Documents\\12_Formation_CDA_M2I_12_2024_11_2025\\25_Test_Appli_08_au_16_07_25\\Cours\\Cours7_21_07_25\\Quizik - deploiement\\backend\\routes\\quizRoutes.js": {"path":"C:\\Users\\lemai\\Documents\\12_Formation_CDA_M2I_12_2024_11_2025\\25_Test_Appli_08_au_16_07_25\\Cours\\Cours7_21_07_25\\Quizik - deploiement\\backend\\routes\\quizRoutes.js","statementMap":{"0":{"start":{"line":1,"column":16},"end":{"line":1,"column":34}},"1":{"start":{"line":2,"column":15},"end":{"line":2,"column":31}},"2":{"start":{"line":3,"column":13},"end":{"line":3,"column":42}},"3":{"start":{"line":6,"column":0},"end":{"line":16,"column":3}},"4":{"start":{"line":7,"column":2},"end":{"line":15,"column":3}},"5":{"start":{"line":8,"column":17},"end":{"line":8,"column":37}},"6":{"start":{"line":9,"column":4},"end":{"line":11,"column":5}},"7":{"start":{"line":10,"column":6},"end":{"line":10,"column":68}},"8":{"start":{"line":12,"column":4},"end":{"line":12,"column":19}},"9":{"start":{"line":14,"column":4},"end":{"line":14,"column":53}},"10":{"start":{"line":18,"column":0},"end":{"line":18,"column":24}}},"fnMap":{"0":{"name":"(anonymous_0)","decl":{"start":{"line":6,"column":16},"end":{"line":6,"column":17}},"loc":{"start":{"line":6,"column":36},"end":{"line":16,"column":1}},"line":6}},"branchMap":{"0":{"loc":{"start":{"line":9,"column":4},"end":{"line":11,"column":5}},"type":"if","locations":[{"start":{"line":9,"column":4},"end":{"line":11,"column":5}},{"start":{},"end":{}}],"line":9}},"s":{"0":0,"1":0,"2":0,"3":0,"4":0,"5":0,"6":0,"7":0,"8":0,"9":0,"10":0},"f":{"0":0},"b":{"0":[0,0]}}
}
